0 info it worked if it ends with ok
1 verbose cli [ 'C:\\Program Files\\nodejs\\node.exe',
1 verbose cli   'C:\\Program Files\\nodejs\\node_modules\\npm\\bin\\npm-cli.js',
1 verbose cli   'start' ]
2 info using npm@3.10.10
3 info using node@v6.11.2
4 verbose run-script [ 'prestart', 'start', 'poststart' ]
5 info lifecycle @~prestart: @
6 silly lifecycle @~prestart: no script for prestart, continuing
7 info lifecycle @~start: @
8 verbose lifecycle @~start: unsafe-perm in lifecycle true
9 verbose lifecycle @~start: PATH: C:\Users\omota\AppData\Roaming\nvm\v6.11.2\node_modules\npm\bin\node-gyp-bin;C:\Users\omota\Desktop\Dev\react\nanodegree\project\reactnd-project-myreads-starter\node_modules\.bin;C:\Python27\;C:\Python27\Scripts;C:\WampDeveloper\Components\Apache\bin;C:\WampDeveloper\Components\Php;C:\WampDeveloper\Components\Mysql\bin;C:\WampDeveloper\Tools\Perl\c\bin;C:\WampDeveloper\Tools\Perl\perl\site\bin;C:\WampDeveloper\Tools\Perl\perl\bin;C:\WampDeveloper\Tools\curl\bin;C:\WampDeveloper\Tools\Expat\Bin;C:\WampDeveloper\Tools\FFmpeg\bin;C:\WampDeveloper\Tools\ImageMagick;C:\WampDeveloper\Tools\gnuwin32;C:\ProgramData\Oracle\Java\javapath;C:\Windows\system32;C:\Windows;C:\Windows\System32\Wbem;C:\Windows\System32\WindowsPowerShell\v1.0\;C:\Program Files\Microsoft SQL Server\130\Tools\Binn\;C:\Program Files\dotnet\;C:\Program Files (x86)\NVIDIA Corporation\PhysX\Common;C:\Program Files (x86)\Windows Kits\8.1\Windows Performance Toolkit\;C:\Program Files\JetBrains\WebStorm 2017.1.3\bin\;C:\Program Files (x86)\GtkSharp\2.12\bin;C:\ProgramData\ComposerSetup\bin;C:\Program Files\Git\cmd;C:\Program Files (x86)\Yarn\bin;vendor\bin\;%NVM_HOME%;%NVM_SYMLINK%;C:\RailsInstaller\Git\cmd;C:\RailsInstaller\Ruby2.3.0\bin;C:\Users\omota\AppData\Local\Microsoft\WindowsApps;C:\Program Files (x86)\Microsoft VS Code\bin;C:\Users\omota\AppData\Roaming\npm;C:\Users\omota\AppData\Local\.meteor\;C:\Users\omota\Desktop\Dev\PStools;C:\Android\sdk\platform-tools;C:\Program Files\JetBrains\WebStorm 2017.1.3\bin;C:\Program Files\Docker Toolbox;C:\Users\omota\AppData\Roaming\Composer\vendor\bin;C:\Users\omota\AppData\Local\Yarn\bin;C:\Users\omota\AppData\Local\Programs\Fiddler;C:\Users\omota\AppData\Roaming\nvm;C:\Program Files\nodejs
10 verbose lifecycle @~start: CWD: C:\Users\omota\Desktop\Dev\react\nanodegree\project\reactnd-project-myreads-starter
11 silly lifecycle @~start: Args: [ '/d /s /c', 'react-scripts start' ]
12 verbose stack Error: kill ENOSYS
12 verbose stack     at exports._errnoException (util.js:1020:11)
12 verbose stack     at process.kill (internal/process.js:190:13)
12 verbose stack     at process.listener (C:\Users\omota\AppData\Roaming\nvm\v6.11.2\node_modules\npm\node_modules\npmlog\node_modules\gauge\node_modules\signal-exit\index.js:86:15)
12 verbose stack     at emitNone (events.js:91:20)
12 verbose stack     at process.emit (events.js:185:7)
12 verbose stack     at processEmit (C:\Users\omota\AppData\Roaming\nvm\v6.11.2\node_modules\npm\node_modules\npmlog\node_modules\gauge\node_modules\signal-exit\index.js:146:32)
12 verbose stack     at processEmit (C:\Users\omota\AppData\Roaming\nvm\v6.11.2\node_modules\npm\node_modules\npm-registry-client\node_modules\npmlog\node_modules\gauge\node_modules\signal-exit\index.js:146:32)
12 verbose stack     at Signal.wrap.onsignal (internal/process.js:217:44)
13 verbose cwd C:\Users\omota\Desktop\Dev\react\nanodegree\project\reactnd-project-myreads-starter
14 error Windows_NT 10.0.15063
15 error argv "C:\\Program Files\\nodejs\\node.exe" "C:\\Program Files\\nodejs\\node_modules\\npm\\bin\\npm-cli.js" "start"
16 error node v6.11.2
17 error npm  v3.10.10
18 error code ENOSYS
19 error errno ENOSYS
20 error syscall kill
21 error kill ENOSYS
22 error If you need help, you may report this error at:
22 error     <https://github.com/npm/npm/issues>
23 verbose exit [ 1, true ]
